AR Test Project/ARTestProject/Build/Export/unityLibrary/build/intermediates/manifest_merge_blame_file/debug/processDebugManifest/manifest-merger-blame-debug-report.txt
1<?xml version="1.0" encoding="utf-8"?>
2<manifest xmlns:android="http://schemas.android.com/apk/res/android"
3    xmlns:tools="http://schemas.android.com/tools"
4    package="com.unity3d.player" >
5
6    <uses-sdk android:minSdkVersion="34" />
7
8    <uses-permission android:name="android.permission.INTERNET" />
8-->src/main/AndroidManifest.xml:3:3-65
8-->src/main/AndroidManifest.xml:3:20-62
9
10    <uses-feature android:glEsVersion="0x00030000" />
10-->src/main/AndroidManifest.xml:4:3-52
10-->src/main/AndroidManifest.xml:4:17-49
11    <uses-feature
11-->src/main/AndroidManifest.xml:5:3-91
12        android:name="android.hardware.vulkan.version"
12-->src/main/AndroidManifest.xml:5:17-63
13        android:required="false" />
13-->src/main/AndroidManifest.xml:5:64-88
14    <uses-feature
14-->src/main/AndroidManifest.xml:6:3-88
15        android:name="android.hardware.touchscreen"
15-->src/main/AndroidManifest.xml:6:17-60
16        android:required="false" />
16-->src/main/AndroidManifest.xml:6:61-85
17    <uses-feature
17-->src/main/AndroidManifest.xml:7:3-99
18        android:name="android.hardware.touchscreen.multitouch"
18-->src/main/AndroidManifest.xml:7:17-71
19        android:required="false" />
19-->src/main/AndroidManifest.xml:7:72-96
20    <uses-feature
20-->src/main/AndroidManifest.xml:8:3-108
21        android:name="android.hardware.touchscreen.multitouch.distinct"
21-->src/main/AndroidManifest.xml:8:17-80
22        android:required="false" />
22-->src/main/AndroidManifest.xml:8:81-105
23
24    <uses-permission android:name="android.permission.CAMERA" />
24-->src/main/AndroidManifest.xml:29:3-63
24-->src/main/AndroidManifest.xml:29:20-60
25
26    <uses-feature
26-->src/main/AndroidManifest.xml:30:3-85
27        android:name="android.hardware.camera.ar"
27-->src/main/AndroidManifest.xml:30:17-58
28        android:required="true" />
28-->src/main/AndroidManifest.xml:30:59-82
29    <uses-feature
29-->src/main/AndroidManifest.xml:31:3-83
30        android:name="com.google.ar.core.depth"
30-->src/main/AndroidManifest.xml:31:17-56
31        android:required="true" />
31-->src/main/AndroidManifest.xml:31:57-80
32
33    <application
33-->src/main/AndroidManifest.xml:9:3-28:17
34        android:appCategory="game"
34-->src/main/AndroidManifest.xml:9:16-42
35        android:enableOnBackInvokedCallback="true"
35-->src/main/AndroidManifest.xml:9:43-85
36        android:extractNativeLibs="true" >
36-->src/main/AndroidManifest.xml:9:86-118
37        <meta-data
37-->src/main/AndroidManifest.xml:10:5-69
38            android:name="unity.splash-mode"
38-->src/main/AndroidManifest.xml:10:16-48
39            android:value="0" />
39-->src/main/AndroidManifest.xml:10:49-66
40        <meta-data
40-->src/main/AndroidManifest.xml:11:5-74
41            android:name="unity.splash-enable"
41-->src/main/AndroidManifest.xml:11:16-50
42            android:value="True" />
42-->src/main/AndroidManifest.xml:11:51-71
43        <meta-data
43-->src/main/AndroidManifest.xml:12:5-78
44            android:name="unity.launch-fullscreen"
44-->src/main/AndroidManifest.xml:12:16-54
45            android:value="True" />
45-->src/main/AndroidManifest.xml:12:55-75
46        <meta-data
46-->src/main/AndroidManifest.xml:13:5-84
47            android:name="unity.render-outside-safearea"
47-->src/main/AndroidManifest.xml:13:16-60
48            android:value="True" />
48-->src/main/AndroidManifest.xml:13:61-81
49        <meta-data
49-->src/main/AndroidManifest.xml:14:5-81
50            android:name="notch.config"
50-->src/main/AndroidManifest.xml:14:16-43
51            android:value="portrait|landscape" />
51-->src/main/AndroidManifest.xml:14:44-78
52        <meta-data
52-->src/main/AndroidManifest.xml:15:5-84
53            android:name="unity.auto-report-fully-drawn"
53-->src/main/AndroidManifest.xml:15:16-60
54            android:value="true" />
54-->src/main/AndroidManifest.xml:15:61-81
55        <meta-data
55-->src/main/AndroidManifest.xml:16:5-78
56            android:name="unity.strip-engine-code"
56-->src/main/AndroidManifest.xml:16:16-54
57            android:value="true" />
57-->src/main/AndroidManifest.xml:16:55-75
58        <meta-data
58-->src/main/AndroidManifest.xml:17:5-78
59            android:name="unity.run-without-focus"
59-->src/main/AndroidManifest.xml:17:16-54
60            android:value="true" />
60-->src/main/AndroidManifest.xml:17:55-75
61        <meta-data
61-->src/main/AndroidManifest.xml:18:5-80
62            android:name="unity.auto-set-game-state"
62-->src/main/AndroidManifest.xml:18:16-56
63            android:value="true" />
63-->src/main/AndroidManifest.xml:18:57-77
64
65        <activity
65-->src/main/AndroidManifest.xml:19:5-21:16
66            android:name="com.unity3d.player.UnityPlayerActivity"
66-->src/main/AndroidManifest.xml:19:333-386
67            android:configChanges="mcc|mnc|locale|touchscreen|keyboard|keyboardHidden|navigation|orientation|screenLayout|uiMode|screenSize|smallestScreenSize|fontScale|layoutDirection|density"
67-->src/main/AndroidManifest.xml:19:36-217
68            android:enabled="true"
68-->src/main/AndroidManifest.xml:19:218-240
69            android:exported="true"
69-->src/main/AndroidManifest.xml:19:241-264
70            android:hardwareAccelerated="false"
70-->src/main/AndroidManifest.xml:19:265-300
71            android:launchMode="singleTask"
71-->src/main/AndroidManifest.xml:19:301-332
72            android:resizeableActivity="false"
72-->src/main/AndroidManifest.xml:19:387-421
73            android:screenOrientation="fullUser"
73-->src/main/AndroidManifest.xml:19:422-458
74            android:theme="@style/UnityThemeSelector"
74-->src/main/AndroidManifest.xml:19:459-500
75            tools:node="replace" >
75-->src/main/AndroidManifest.xml:19:15-35
76            <meta-data
76-->src/main/AndroidManifest.xml:20:7-82
77                android:name="unityplayer.UnityActivity"
77-->src/main/AndroidManifest.xml:20:18-58
78                android:value="true" />
78-->src/main/AndroidManifest.xml:20:59-79
79        </activity>
80        <!-- <activity tools:node="remove" android:configChanges="mcc|mnc|locale|touchscreen|keyboard|keyboardHidden|navigation|orientation|screenLayout|uiMode|screenSize|smallestScreenSize|fontScale|layoutDirection|density" android:enabled="false" android:exported="true" android:hardwareAccelerated="false" android:launchMode="singleTask" android:name="com.unity3d.player.UnityPlayerGameActivity" android:resizeableActivity="false" android:screenOrientation="fullUser" android:theme="@style/BaseUnityGameActivityTheme"> -->
81        <!-- <meta-data android:name="unityplayer.UnityActivity" android:value="true" /> -->
82        <!-- <meta-data android:name="android.app.lib_name" android:value="game" /> -->
83        <!-- </activity> -->
84        <meta-data
84-->src/main/AndroidManifest.xml:26:5-88
85            android:name="unityplayer.SkipPermissionsDialog"
85-->src/main/AndroidManifest.xml:26:16-64
86            android:value="true" />
86-->src/main/AndroidManifest.xml:26:65-85
87        <meta-data
87-->src/main/AndroidManifest.xml:27:5-77
88            android:name="com.google.ar.core"
88-->src/main/AndroidManifest.xml:27:16-49
89            android:value="required" />
89-->src/main/AndroidManifest.xml:27:50-74
90    </application>
91
92</manifest>